<?xml version="1.0" encoding="UTF-8"?>
<testng-results skipped="0" failed="0" ignored="0" total="1" passed="1">
  <reporter-output>
  </reporter-output>
  <suite name="Default Suite" duration-ms="93174" started-at="2020-08-10T11:05:34Z" finished-at="2020-08-10T11:07:07Z">
    <groups>
      <group name="regCSVData">
        <method signature="Create_Label_Test.createLabelAndValidate(com.company.PageObjects.TestData)[pri:0, instance:Create_Label_Test@6895a785]" name="createLabelAndValidate" class="Create_Label_Test"/>
      </group> <!-- regCSVData -->
    </groups>
    <test name="First_automation" duration-ms="93174" started-at="2020-08-10T11:05:34Z" finished-at="2020-08-10T11:07:07Z">
      <class name="Create_Label_Test">
        <test-method status="PASS" signature="createLabelAndValidate(com.company.PageObjects.TestData)[pri:0, instance:Create_Label_Test@6895a785]" name="createLabelAndValidate" duration-ms="93093" started-at="2020-08-10T11:05:34Z" data-provider="regCSVData" finished-at="2020-08-10T11:07:07Z">
          <params>
            <param index="0">
              <value>
                <![CDATA[com.company.PageObjects.TestData@51c8530f]]>
              </value>
            </param>
          </params>
          <reporter-output>
          </reporter-output>
        </test-method> <!-- createLabelAndValidate -->
        <test-method status="PASS" signature="tearDown()[pri:0, instance:Create_Label_Test@6895a785]" name="tearDown" is-config="true" duration-ms="1" started-at="2020-08-10T11:07:07Z" finished-at="2020-08-10T11:07:07Z">
          <reporter-output>
          </reporter-output>
        </test-method> <!-- tearDown -->
      </class> <!-- Create_Label_Test -->
    </test> <!-- First_automation -->
  </suite> <!-- Default Suite -->
</testng-results>
